<?xml version="1.0" encoding="UTF-8"?>
<!-- Generated by org.testng.reporters.JUnitReportReporter -->
<testsuite hostname="LAPTOP-6OHQCMON" failures="0" tests="1" name="org.pageObjectWithoutFactory.LoginPage" time="0.785" errors="0" timestamp="2022-08-24T09:27:07 IST" skipped="0">
  <testcase classname="org.pageObjectWithoutFactory.LoginPage" name="testCase1" time="0.785"/>
  <system-out/>
</testsuite> <!-- org.pageObjectWithoutFactory.LoginPage -->
